<?xml version="1.0" encoding="UTF-8"?>
<!-- Generated by org.testng.reporters.JUnitReportReporter -->
<testsuite hostname="WelcomeBack" failures="0" tests="1" name="test.BaseTest" time="0.001" errors="0" timestamp="2021-07-16T17:44:17 IST" skipped="0">
  <testcase classname="test.BaseTest" name="sampleTest" time="0.001"/>
  <system-out/>
</testsuite> <!-- test.BaseTest -->
